# JRE version: Java(TM) SE Runtime Environment (8.0_20-b26) (build 1.8.0_20-b26)
# Java VM: Java HotSpot(TM) 64-Bit Server VM (25.20-b23 mixed mode linux-amd64 compressed oops)
Heap:
 PSYoungGen      total 235008K, used 7164K [0x00000000e9600000, 0x00000000f8600000, 0x0000000100000000)
  eden space 224768K, 0% used [0x00000000e9600000,0x00000000e9600000,0x00000000f7180000)
  from space 10240K, 69% used [0x00000000f7180000,0x00000000f787f260,0x00000000f7b80000)
  to   space 9728K, 0% used [0x00000000f7b80000,0x00000000f7b80000,0x00000000f8500000)
 ParOldGen       total 46592K, used 14645K [0x00000000bc200000, 0x00000000bef80000, 0x00000000e9600000)
  object space 46592K, 31% used [0x00000000bc200000,0x00000000bd04d520,0x00000000bef80000)
 Metaspace       used 13155K, capacity 13406K, committed 13440K, reserved 1060864K
  class space    used 1318K, capacity 1405K, committed 1408K, reserved 1048576K
GC Heap History (10 events):
Event: 8,491 GC heap after
Heap after GC invocations=6 (full 0):
 PSYoungGen      total 73216K, used 2016K [0x00000000e9600000, 0x00000000ee100000, 0x0000000100000000)
  eden space 71168K, 0% used [0x00000000e9600000,0x00000000e9600000,0x00000000edb80000)
  from space 2048K, 98% used [0x00000000ede00000,0x00000000edff8030,0x00000000ee000000)
  to   space 2560K, 0% used [0x00000000edb80000,0x00000000edb80000,0x00000000ede00000)
 ParOldGen       total 46592K, used 80K [0x00000000bc200000, 0x00000000bef80000, 0x00000000e9600000)
  object space 46592K, 0% used [0x00000000bc200000,0x00000000bc214000,0x00000000bef80000)
 Metaspace       used 4334K, capacity 4842K, committed 4992K, reserved 1056768K
  class space    used 479K, capacity 530K, committed 640K, reserved 1048576K
}
Event: 15,781 GC heap before
{Heap before GC invocations=7 (full 0):
 PSYoungGen      total 73216K, used 73184K [0x00000000e9600000, 0x00000000ee100000, 0x0000000100000000)
  eden space 71168K, 100% used [0x00000000e9600000,0x00000000edb80000,0x00000000edb80000)
  from space 2048K, 98% used [0x00000000ede00000,0x00000000edff8030,0x00000000ee000000)
  to   space 2560K, 0% used [0x00000000edb80000,0x00000000edb80000,0x00000000ede00000)
 ParOldGen       total 46592K, used 80K [0x00000000bc200000, 0x00000000bef80000, 0x00000000e9600000)
  object space 46592K, 0% used [0x00000000bc200000,0x00000000bc214000,0x00000000bef80000)
 Metaspace       used 11824K, capacity 12042K, committed 12160K, reserved 1060864K
  class space    used 1279K, capacity 1359K, committed 1408K, reserved 1048576K
Event: 15,795 GC heap after
Heap after GC invocations=7 (full 0):
 PSYoungGen      total 73728K, used 2545K [0x00000000e9600000, 0x00000000f2b00000, 0x0000000100000000)
  eden space 71168K, 0% used [0x00000000e9600000,0x00000000e9600000,0x00000000edb80000)
  from space 2560K, 99% used [0x00000000edb80000,0x00000000eddfc480,0x00000000ede00000)
  to   space 5120K, 0% used [0x00000000f2600000,0x00000000f2600000,0x00000000f2b00000)
 ParOldGen       total 46592K, used 4781K [0x00000000bc200000, 0x00000000bef80000, 0x00000000e9600000)
  object space 46592K, 10% used [0x00000000bc200000,0x00000000bc6ab760,0x00000000bef80000)
 Metaspace       used 11824K, capacity 12042K, committed 12160K, reserved 1060864K
  class space    used 1279K, capacity 1359K, committed 1408K, reserved 1048576K
}
Event: 29,080 GC heap before
{Heap before GC invocations=8 (full 0):
 PSYoungGen      total 73728K, used 73713K [0x00000000e9600000, 0x00000000f2b00000, 0x0000000100000000)
  eden space 71168K, 100% used [0x00000000e9600000,0x00000000edb80000,0x00000000edb80000)
  from space 2560K, 99% used [0x00000000edb80000,0x00000000eddfc480,0x00000000ede00000)
  to   space 5120K, 0% used [0x00000000f2600000,0x00000000f2600000,0x00000000f2b00000)
 ParOldGen       total 46592K, used 4781K [0x00000000bc200000, 0x00000000bef80000, 0x00000000e9600000)
  object space 46592K, 10% used [0x00000000bc200000,0x00000000bc6ab760,0x00000000bef80000)
 Metaspace       used 12439K, capacity 12766K, committed 12928K, reserved 1060864K
  class space    used 1317K, capacity 1405K, committed 1408K, reserved 1048576K
Event: 29,090 GC heap after
Heap after GC invocations=8 (full 0):
 PSYoungGen      total 145920K, used 5110K [0x00000000e9600000, 0x00000000f2e00000, 0x0000000100000000)
  eden space 140800K, 0% used [0x00000000e9600000,0x00000000e9600000,0x00000000f1f80000)
  from space 5120K, 99% used [0x00000000f2600000,0x00000000f2afd880,0x00000000f2b00000)
  to   space 6656K, 0% used [0x00000000f1f80000,0x00000000f1f80000,0x00000000f2600000)
 ParOldGen       total 46592K, used 6486K [0x00000000bc200000, 0x00000000bef80000, 0x00000000e9600000)
  object space 46592K, 13% used [0x00000000bc200000,0x00000000bc855bc0,0x00000000bef80000)
 Metaspace       used 12439K, capacity 12766K, committed 12928K, reserved 1060864K
  class space    used 1317K, capacity 1405K, committed 1408K, reserved 1048576K
}
Event: 56,887 GC heap before
{Heap before GC invocations=9 (full 0):
 PSYoungGen      total 145920K, used 145910K [0x00000000e9600000, 0x00000000f2e00000, 0x0000000100000000)
  eden space 140800K, 100% used [0x00000000e9600000,0x00000000f1f80000,0x00000000f1f80000)
  from space 5120K, 99% used [0x00000000f2600000,0x00000000f2afd880,0x00000000f2b00000)
  to   space 6656K, 0% used [0x00000000f1f80000,0x00000000f1f80000,0x00000000f2600000)
 ParOldGen       total 46592K, used 6486K [0x00000000bc200000, 0x00000000bef80000, 0x00000000e9600000)
  object space 46592K, 13% used [0x00000000bc200000,0x00000000bc855bc0,0x00000000bef80000)
 Metaspace       used 12759K, capacity 13086K, committed 13184K, reserved 1060864K
  class space    used 1318K, capacity 1405K, committed 1408K, reserved 1048576K
Event: 56,945 GC heap after
Heap after GC invocations=9 (full 0):
 PSYoungGen      total 147456K, used 6654K [0x00000000e9600000, 0x00000000f8500000, 0x0000000100000000)
  eden space 140800K, 0% used [0x00000000e9600000,0x00000000e9600000,0x00000000f1f80000)
  from space 6656K, 99% used [0x00000000f1f80000,0x00000000f25ffa20,0x00000000f2600000)
  to   space 9728K, 0% used [0x00000000f7b80000,0x00000000f7b80000,0x00000000f8500000)
 ParOldGen       total 46592K, used 10231K [0x00000000bc200000, 0x00000000bef80000, 0x00000000e9600000)
  object space 46592K, 21% used [0x00000000bc200000,0x00000000bcbfddc0,0x00000000bef80000)
 Metaspace       used 12759K, capacity 13086K, committed 13184K, reserved 1060864K
  class space    used 1318K, capacity 1405K, committed 1408K, reserved 1048576K
}
Event: 85,737 GC heap before
{Heap before GC invocations=10 (full 0):
 PSYoungGen      total 147456K, used 147454K [0x00000000e9600000, 0x00000000f8500000, 0x0000000100000000)
  eden space 140800K, 100% used [0x00000000e9600000,0x00000000f1f80000,0x00000000f1f80000)
  from space 6656K, 99% used [0x00000000f1f80000,0x00000000f25ffa20,0x00000000f2600000)
  to   space 9728K, 0% used [0x00000000f7b80000,0x00000000f7b80000,0x00000000f8500000)
 ParOldGen       total 46592K, used 10231K [0x00000000bc200000, 0x00000000bef80000, 0x00000000e9600000)
  object space 46592K, 21% used [0x00000000bc200000,0x00000000bcbfddc0,0x00000000bef80000)
 Metaspace       used 12952K, capacity 13214K, committed 13440K, reserved 1060864K
  class space    used 1318K, capacity 1405K, committed 1408K, reserved 1048576K
Event: 90,256 GC heap after
Heap after GC invocations=10 (full 0):
 PSYoungGen      total 234496K, used 6612K [0x00000000e9600000, 0x00000000f8600000, 0x0000000100000000)
  eden space 224768K, 0% used [0x00000000e9600000,0x00000000e9600000,0x00000000f7180000)
  from space 9728K, 67% used [0x00000000f7b80000,0x00000000f81f5140,0x00000000f8500000)
  to   space 10240K, 0% used [0x00000000f7180000,0x00000000f7180000,0x00000000f7b80000)
 ParOldGen       total 46592K, used 14411K [0x00000000bc200000, 0x00000000bef80000, 0x00000000e9600000)
  object space 46592K, 30% used [0x00000000bc200000,0x00000000bd012e60,0x00000000bef80000)
 Metaspace       used 12952K, capacity 13214K, committed 13440K, reserved 1060864K
  class space    used 1318K, capacity 1405K, committed 1408K, reserved 1048576K
}
Event: 129,819 GC heap before
{Heap before GC invocations=11 (full 0):
 PSYoungGen      total 234496K, used 231380K [0x00000000e9600000, 0x00000000f8600000, 0x0000000100000000)
  eden space 224768K, 100% used [0x00000000e9600000,0x00000000f7180000,0x00000000f7180000)
  from space 9728K, 67% used [0x00000000f7b80000,0x00000000f81f5140,0x00000000f8500000)
  to   space 10240K, 0% used [0x00000000f7180000,0x00000000f7180000,0x00000000f7b80000)
 ParOldGen       total 46592K, used 14411K [0x00000000bc200000, 0x00000000bef80000, 0x00000000e9600000)
  object space 46592K, 30% used [0x00000000bc200000,0x00000000bd012e60,0x00000000bef80000)
 Metaspace       used 13155K, capacity 13406K, committed 13440K, reserved 1060864K
  class space    used 1318K, capacity 1405K, committed 1408K, reserved 1048576K

